2023/07/23 22:39:42 [notice] 1#1: signal 3 (SIGQUIT) received, shutting down
2023/07/23 22:39:42 [notice] 23#23: gracefully shutting down
2023/07/23 22:39:42 [notice] 23#23: exiting
2023/07/23 22:39:42 [notice] 22#22: gracefully shutting down
2023/07/23 22:39:42 [notice] 22#22: exiting
2023/07/23 22:39:42 [notice] 21#21: gracefully shutting down
2023/07/23 22:39:42 [notice] 20#20: gracefully shutting down
2023/07/23 22:39:42 [notice] 21#21: exiting
2023/07/23 22:39:42 [notice] 22#22: exit
2023/07/23 22:39:42 [notice] 21#21: exit
2023/07/23 22:39:42 [notice] 23#23: exit
2023/07/23 22:39:42 [notice] 20#20: exiting
2023/07/23 22:39:42 [notice] 20#20: exit
2023/07/23 22:39:42 [notice] 1#1: signal 17 (SIGCHLD) received from 20
2023/07/23 22:39:42 [notice] 1#1: worker process 20 exited with code 0
2023/07/23 22:39:42 [notice] 1#1: worker process 21 exited with code 0
2023/07/23 22:39:42 [notice] 1#1: worker process 23 exited with code 0
2023/07/23 22:39:42 [notice] 1#1: signal 29 (SIGIO) received
2023/07/23 22:39:42 [notice] 1#1: signal 17 (SIGCHLD) received from 23
2023/07/23 22:39:42 [notice] 1#1: signal 17 (SIGCHLD) received from 22
2023/07/23 22:39:42 [notice] 1#1: worker process 22 exited with code 0
2023/07/23 22:39:42 [notice] 1#1: exit
2023/07/23 22:39:58 [notice] 1#1: using the "epoll" event method
2023/07/23 22:39:58 [notice] 1#1: nginx/1.25.1
2023/07/23 22:39:58 [notice] 1#1: built by gcc 12.2.1 20220924 (Alpine 12.2.1_git20220924-r4) 
2023/07/23 22:39:58 [notice] 1#1: OS: Linux 5.19.0-46-generic
2023/07/23 22:39:58 [notice] 1#1: getrlimit(RLIMIT_NOFILE): 1048576:1048576
2023/07/23 22:39:58 [notice] 1#1: start worker processes
2023/07/23 22:39:58 [notice] 1#1: start worker process 20
2023/07/23 22:39:58 [notice] 1#1: start worker process 21
2023/07/23 22:39:58 [notice] 1#1: start worker process 22
2023/07/23 22:39:58 [notice] 1#1: start worker process 23
2023/07/23 22:43:41 [notice] 1#1: signal 3 (SIGQUIT) received, shutting down
2023/07/23 22:43:41 [notice] 23#23: gracefully shutting down
2023/07/23 22:43:41 [notice] 23#23: exiting
2023/07/23 22:43:41 [notice] 21#21: gracefully shutting down
2023/07/23 22:43:41 [notice] 21#21: exiting
2023/07/23 22:43:41 [notice] 23#23: exit
2023/07/23 22:43:41 [notice] 21#21: exit
2023/07/23 22:43:41 [notice] 20#20: gracefully shutting down
2023/07/23 22:43:41 [notice] 20#20: exiting
2023/07/23 22:43:41 [notice] 22#22: gracefully shutting down
2023/07/23 22:43:41 [notice] 22#22: exiting
2023/07/23 22:43:41 [notice] 20#20: exit
2023/07/23 22:43:41 [notice] 22#22: exit
2023/07/23 22:43:41 [notice] 1#1: signal 17 (SIGCHLD) received from 23
2023/07/23 22:43:41 [notice] 1#1: worker process 20 exited with code 0
2023/07/23 22:43:41 [notice] 1#1: worker process 23 exited with code 0
2023/07/23 22:43:41 [notice] 1#1: signal 29 (SIGIO) received
2023/07/23 22:43:41 [notice] 1#1: signal 17 (SIGCHLD) received from 20
2023/07/23 22:43:41 [notice] 1#1: signal 17 (SIGCHLD) received from 21
2023/07/23 22:43:41 [notice] 1#1: worker process 21 exited with code 0
2023/07/23 22:43:41 [notice] 1#1: signal 29 (SIGIO) received
2023/07/23 22:43:41 [notice] 1#1: signal 17 (SIGCHLD) received from 22
2023/07/23 22:43:41 [notice] 1#1: worker process 22 exited with code 0
2023/07/23 22:43:41 [notice] 1#1: exit
2023/07/23 22:45:12 [notice] 1#1: using the "epoll" event method
2023/07/23 22:45:12 [notice] 1#1: nginx/1.25.1
2023/07/23 22:45:12 [notice] 1#1: built by gcc 12.2.1 20220924 (Alpine 12.2.1_git20220924-r4) 
2023/07/23 22:45:12 [notice] 1#1: OS: Linux 5.19.0-46-generic
2023/07/23 22:45:12 [notice] 1#1: getrlimit(RLIMIT_NOFILE): 1048576:1048576
2023/07/23 22:45:12 [notice] 1#1: start worker processes
2023/07/23 22:45:12 [notice] 1#1: start worker process 21
2023/07/23 22:45:12 [notice] 1#1: start worker process 22
2023/07/23 22:45:12 [notice] 1#1: start worker process 23
2023/07/23 22:45:12 [notice] 1#1: start worker process 24
2023/07/23 22:50:29 [notice] 1#1: signal 3 (SIGQUIT) received, shutting down
2023/07/23 22:50:29 [notice] 22#22: gracefully shutting down
2023/07/23 22:50:29 [notice] 23#23: gracefully shutting down
2023/07/23 22:50:29 [notice] 22#22: exiting
2023/07/23 22:50:29 [notice] 24#24: gracefully shutting down
2023/07/23 22:50:29 [notice] 23#23: exiting
2023/07/23 22:50:29 [notice] 24#24: exiting
2023/07/23 22:50:29 [notice] 22#22: exit
2023/07/23 22:50:29 [notice] 23#23: exit
2023/07/23 22:50:29 [notice] 21#21: gracefully shutting down
2023/07/23 22:50:29 [notice] 24#24: exit
2023/07/23 22:50:29 [notice] 21#21: exiting
2023/07/23 22:50:29 [notice] 21#21: exit
2023/07/23 22:50:30 [notice] 1#1: signal 17 (SIGCHLD) received from 21
2023/07/23 22:50:30 [notice] 1#1: worker process 21 exited with code 0
2023/07/23 22:50:30 [notice] 1#1: worker process 24 exited with code 0
2023/07/23 22:50:30 [notice] 1#1: signal 29 (SIGIO) received
2023/07/23 22:50:30 [notice] 1#1: signal 17 (SIGCHLD) received from 24
2023/07/23 22:50:30 [notice] 1#1: signal 17 (SIGCHLD) received from 22
2023/07/23 22:50:30 [notice] 1#1: worker process 22 exited with code 0
2023/07/23 22:50:30 [notice] 1#1: signal 29 (SIGIO) received
2023/07/23 22:50:30 [notice] 1#1: signal 17 (SIGCHLD) received from 23
2023/07/23 22:50:30 [notice] 1#1: worker process 23 exited with code 0
2023/07/23 22:50:30 [notice] 1#1: exit
2023/07/23 22:50:30 [notice] 1#1: using the "epoll" event method
2023/07/23 22:50:30 [notice] 1#1: nginx/1.25.1
2023/07/23 22:50:30 [notice] 1#1: built by gcc 12.2.1 20220924 (Alpine 12.2.1_git20220924-r4) 
2023/07/23 22:50:30 [notice] 1#1: OS: Linux 5.19.0-46-generic
2023/07/23 22:50:30 [notice] 1#1: getrlimit(RLIMIT_NOFILE): 1048576:1048576
2023/07/23 22:50:30 [notice] 1#1: start worker processes
2023/07/23 22:50:30 [notice] 1#1: start worker process 20
2023/07/23 22:50:30 [notice] 1#1: start worker process 21
2023/07/23 22:50:30 [notice] 1#1: start worker process 22
2023/07/23 22:50:30 [notice] 1#1: start worker process 23
2023/07/23 22:52:39 [notice] 1#1: signal 3 (SIGQUIT) received, shutting down
2023/07/23 22:52:39 [notice] 21#21: gracefully shutting down
2023/07/23 22:52:39 [notice] 20#20: gracefully shutting down
2023/07/23 22:52:39 [notice] 22#22: gracefully shutting down
2023/07/23 22:52:39 [notice] 21#21: exiting
2023/07/23 22:52:39 [notice] 20#20: exiting
2023/07/23 22:52:39 [notice] 22#22: exiting
2023/07/23 22:52:39 [notice] 22#22: exit
2023/07/23 22:52:39 [notice] 20#20: exit
2023/07/23 22:52:39 [notice] 21#21: exit
2023/07/23 22:52:39 [notice] 23#23: gracefully shutting down
2023/07/23 22:52:39 [notice] 23#23: exiting
2023/07/23 22:52:39 [notice] 23#23: exit
2023/07/23 22:52:39 [notice] 1#1: signal 17 (SIGCHLD) received from 22
2023/07/23 22:52:39 [notice] 1#1: worker process 21 exited with code 0
2023/07/23 22:52:39 [notice] 1#1: worker process 22 exited with code 0
2023/07/23 22:52:39 [notice] 1#1: worker process 23 exited with code 0
2023/07/23 22:52:39 [notice] 1#1: signal 29 (SIGIO) received
2023/07/23 22:52:39 [notice] 1#1: signal 17 (SIGCHLD) received from 20
2023/07/23 22:52:39 [notice] 1#1: worker process 20 exited with code 0
2023/07/23 22:52:39 [notice] 1#1: exit
2023/07/23 22:53:25 [notice] 1#1: using the "epoll" event method
2023/07/23 22:53:25 [notice] 1#1: nginx/1.25.1
2023/07/23 22:53:25 [notice] 1#1: built by gcc 12.2.1 20220924 (Alpine 12.2.1_git20220924-r4) 
2023/07/23 22:53:25 [notice] 1#1: OS: Linux 5.19.0-46-generic
2023/07/23 22:53:25 [notice] 1#1: getrlimit(RLIMIT_NOFILE): 1048576:1048576
2023/07/23 22:53:25 [notice] 1#1: start worker processes
2023/07/23 22:53:25 [notice] 1#1: start worker process 20
2023/07/23 22:53:25 [notice] 1#1: start worker process 21
2023/07/23 22:53:25 [notice] 1#1: start worker process 22
2023/07/23 22:53:25 [notice] 1#1: start worker process 23
2023/07/24 11:46:43 [notice] 1#1: using the "epoll" event method
2023/07/24 11:46:43 [notice] 1#1: nginx/1.25.1
2023/07/24 11:46:43 [notice] 1#1: built by gcc 12.2.1 20220924 (Alpine 12.2.1_git20220924-r4) 
2023/07/24 11:46:43 [notice] 1#1: OS: Linux 5.19.0-46-generic
2023/07/24 11:46:43 [notice] 1#1: getrlimit(RLIMIT_NOFILE): 1048576:1048576
2023/07/24 11:46:43 [notice] 1#1: start worker processes
2023/07/24 11:46:43 [notice] 1#1: start worker process 20
2023/07/24 11:46:43 [notice] 1#1: start worker process 21
2023/07/24 11:46:43 [notice] 1#1: start worker process 22
2023/07/24 11:46:43 [notice] 1#1: start worker process 23
2023/07/24 16:52:31 [notice] 1#1: using the "epoll" event method
2023/07/24 16:52:31 [notice] 1#1: nginx/1.25.1
2023/07/24 16:52:31 [notice] 1#1: built by gcc 12.2.1 20220924 (Alpine 12.2.1_git20220924-r4) 
2023/07/24 16:52:31 [notice] 1#1: OS: Linux 5.19.0-46-generic
2023/07/24 16:52:31 [notice] 1#1: getrlimit(RLIMIT_NOFILE): 1048576:1048576
2023/07/24 16:52:31 [notice] 1#1: start worker processes
2023/07/24 16:52:31 [notice] 1#1: start worker process 20
2023/07/24 16:52:31 [notice] 1#1: start worker process 21
2023/07/24 16:52:31 [notice] 1#1: start worker process 22
2023/07/24 16:52:31 [notice] 1#1: start worker process 23
2023/07/24 16:56:03 [notice] 1#1: signal 3 (SIGQUIT) received, shutting down
2023/07/24 16:56:03 [notice] 23#23: gracefully shutting down
2023/07/24 16:56:03 [notice] 23#23: exiting
2023/07/24 16:56:03 [notice] 22#22: gracefully shutting down
2023/07/24 16:56:03 [notice] 20#20: gracefully shutting down
2023/07/24 16:56:03 [notice] 21#21: gracefully shutting down
2023/07/24 16:56:03 [notice] 21#21: exiting
2023/07/24 16:56:03 [notice] 23#23: exit
2023/07/24 16:56:03 [notice] 22#22: exiting
2023/07/24 16:56:03 [notice] 22#22: exit
2023/07/24 16:56:03 [notice] 21#21: exit
2023/07/24 16:56:03 [notice] 20#20: exiting
2023/07/24 16:56:03 [notice] 20#20: exit
2023/07/24 16:56:03 [notice] 1#1: signal 17 (SIGCHLD) received from 22
2023/07/24 16:56:03 [notice] 1#1: worker process 20 exited with code 0
2023/07/24 16:56:03 [notice] 1#1: worker process 22 exited with code 0
2023/07/24 16:56:03 [notice] 1#1: worker process 23 exited with code 0
2023/07/24 16:56:03 [notice] 1#1: signal 29 (SIGIO) received
2023/07/24 16:56:03 [notice] 1#1: signal 17 (SIGCHLD) received from 21
2023/07/24 16:56:03 [notice] 1#1: worker process 21 exited with code 0
2023/07/24 16:56:03 [notice] 1#1: exit
2023/07/24 17:04:41 [notice] 1#1: using the "epoll" event method
2023/07/24 17:04:41 [notice] 1#1: nginx/1.25.1
2023/07/24 17:04:41 [notice] 1#1: built by gcc 12.2.1 20220924 (Alpine 12.2.1_git20220924-r4) 
2023/07/24 17:04:41 [notice] 1#1: OS: Linux 5.19.0-46-generic
2023/07/24 17:04:41 [notice] 1#1: getrlimit(RLIMIT_NOFILE): 1048576:1048576
2023/07/24 17:04:41 [notice] 1#1: start worker processes
2023/07/24 17:04:41 [notice] 1#1: start worker process 20
2023/07/24 17:04:41 [notice] 1#1: start worker process 21
2023/07/24 17:04:41 [notice] 1#1: start worker process 22
2023/07/24 17:04:41 [notice] 1#1: start worker process 23
2023/07/24 17:33:56 [notice] 1#1: signal 3 (SIGQUIT) received, shutting down
2023/07/24 17:33:56 [notice] 20#20: gracefully shutting down
2023/07/24 17:33:56 [notice] 21#21: gracefully shutting down
2023/07/24 17:33:56 [notice] 22#22: gracefully shutting down
2023/07/24 17:33:56 [notice] 22#22: exiting
2023/07/24 17:33:56 [notice] 23#23: gracefully shutting down
2023/07/24 17:33:56 [notice] 23#23: exiting
2023/07/24 17:33:56 [notice] 23#23: exit
2023/07/24 17:33:56 [notice] 22#22: exit
2023/07/24 17:33:56 [notice] 21#21: exiting
2023/07/24 17:33:56 [notice] 21#21: exit
2023/07/24 17:33:56 [notice] 20#20: exiting
2023/07/24 17:33:56 [notice] 20#20: exit
2023/07/24 17:33:56 [notice] 1#1: signal 17 (SIGCHLD) received from 21
2023/07/24 17:33:56 [notice] 1#1: worker process 21 exited with code 0
2023/07/24 17:33:56 [notice] 1#1: signal 29 (SIGIO) received
2023/07/24 17:33:56 [notice] 1#1: signal 17 (SIGCHLD) received from 22
2023/07/24 17:33:56 [notice] 1#1: worker process 22 exited with code 0
2023/07/24 17:33:56 [notice] 1#1: signal 29 (SIGIO) received
2023/07/24 17:33:56 [notice] 1#1: signal 17 (SIGCHLD) received from 23
2023/07/24 17:33:56 [notice] 1#1: worker process 20 exited with code 0
2023/07/24 17:33:56 [notice] 1#1: worker process 23 exited with code 0
2023/07/24 17:33:56 [notice] 1#1: exit
2023/07/24 17:36:30 [notice] 1#1: using the "epoll" event method
2023/07/24 17:36:30 [notice] 1#1: nginx/1.25.1
2023/07/24 17:36:30 [notice] 1#1: built by gcc 12.2.1 20220924 (Alpine 12.2.1_git20220924-r4) 
2023/07/24 17:36:30 [notice] 1#1: OS: Linux 5.19.0-46-generic
2023/07/24 17:36:30 [notice] 1#1: getrlimit(RLIMIT_NOFILE): 1048576:1048576
2023/07/24 17:36:30 [notice] 1#1: start worker processes
2023/07/24 17:36:30 [notice] 1#1: start worker process 21
2023/07/24 17:36:30 [notice] 1#1: start worker process 22
2023/07/24 17:36:30 [notice] 1#1: start worker process 23
2023/07/24 17:36:30 [notice] 1#1: start worker process 24
2023/07/24 18:07:02 [notice] 1#1: signal 3 (SIGQUIT) received, shutting down
2023/07/24 18:07:02 [notice] 21#21: gracefully shutting down
2023/07/24 18:07:02 [notice] 22#22: gracefully shutting down
2023/07/24 18:07:02 [notice] 23#23: gracefully shutting down
2023/07/24 18:07:02 [notice] 24#24: gracefully shutting down
2023/07/24 18:07:02 [notice] 21#21: exiting
2023/07/24 18:07:02 [notice] 22#22: exiting
2023/07/24 18:07:02 [notice] 23#23: exiting
2023/07/24 18:07:02 [notice] 24#24: exiting
2023/07/24 18:07:02 [notice] 21#21: exit
2023/07/24 18:07:02 [notice] 22#22: exit
2023/07/24 18:07:02 [notice] 23#23: exit
2023/07/24 18:07:02 [notice] 24#24: exit
2023/07/24 18:07:02 [notice] 1#1: signal 17 (SIGCHLD) received from 24
2023/07/24 18:07:02 [notice] 1#1: worker process 21 exited with code 0
2023/07/24 18:07:02 [notice] 1#1: worker process 23 exited with code 0
2023/07/24 18:07:02 [notice] 1#1: worker process 24 exited with code 0
2023/07/24 18:07:02 [notice] 1#1: signal 29 (SIGIO) received
2023/07/24 18:07:02 [notice] 1#1: signal 17 (SIGCHLD) received from 23
2023/07/24 18:07:02 [notice] 1#1: signal 17 (SIGCHLD) received from 22
2023/07/24 18:07:02 [notice] 1#1: worker process 22 exited with code 0
2023/07/24 18:07:02 [notice] 1#1: exit
2023/07/24 18:07:02 [notice] 1#1: using the "epoll" event method
2023/07/24 18:07:02 [notice] 1#1: nginx/1.25.1
2023/07/24 18:07:02 [notice] 1#1: built by gcc 12.2.1 20220924 (Alpine 12.2.1_git20220924-r4) 
2023/07/24 18:07:02 [notice] 1#1: OS: Linux 5.19.0-46-generic
2023/07/24 18:07:02 [notice] 1#1: getrlimit(RLIMIT_NOFILE): 1048576:1048576
2023/07/24 18:07:02 [notice] 1#1: start worker processes
2023/07/24 18:07:02 [notice] 1#1: start worker process 20
2023/07/24 18:07:02 [notice] 1#1: start worker process 21
2023/07/24 18:07:02 [notice] 1#1: start worker process 22
2023/07/24 18:07:02 [notice] 1#1: start worker process 23
2023/07/24 18:08:40 [notice] 1#1: signal 3 (SIGQUIT) received, shutting down
2023/07/24 18:08:40 [notice] 22#22: gracefully shutting down
2023/07/24 18:08:40 [notice] 21#21: gracefully shutting down
2023/07/24 18:08:40 [notice] 23#23: gracefully shutting down
2023/07/24 18:08:40 [notice] 22#22: exiting
2023/07/24 18:08:40 [notice] 21#21: exiting
2023/07/24 18:08:40 [notice] 23#23: exiting
2023/07/24 18:08:40 [notice] 22#22: exit
2023/07/24 18:08:40 [notice] 21#21: exit
2023/07/24 18:08:40 [notice] 23#23: exit
2023/07/24 18:08:40 [notice] 20#20: gracefully shutting down
2023/07/24 18:08:40 [notice] 1#1: signal 17 (SIGCHLD) received from 23
2023/07/24 18:08:40 [notice] 1#1: worker process 22 exited with code 0
2023/07/24 18:08:40 [notice] 1#1: worker process 23 exited with code 0
2023/07/24 18:08:40 [notice] 1#1: signal 29 (SIGIO) received
2023/07/24 18:08:40 [notice] 1#1: signal 17 (SIGCHLD) received from 22
2023/07/24 18:08:40 [notice] 1#1: signal 17 (SIGCHLD) received from 21
2023/07/24 18:08:40 [notice] 1#1: worker process 21 exited with code 0
2023/07/24 18:08:40 [notice] 1#1: signal 29 (SIGIO) received
2023/07/24 18:08:50 [notice] 1#1: using the "epoll" event method
2023/07/24 18:08:50 [notice] 1#1: nginx/1.25.1
2023/07/24 18:08:50 [notice] 1#1: built by gcc 12.2.1 20220924 (Alpine 12.2.1_git20220924-r4) 
2023/07/24 18:08:50 [notice] 1#1: OS: Linux 5.19.0-46-generic
2023/07/24 18:08:50 [notice] 1#1: getrlimit(RLIMIT_NOFILE): 1048576:1048576
2023/07/24 18:08:50 [notice] 1#1: start worker processes
2023/07/24 18:08:50 [notice] 1#1: start worker process 20
2023/07/24 18:08:50 [notice] 1#1: start worker process 21
2023/07/24 18:08:50 [notice] 1#1: start worker process 22
2023/07/24 18:08:50 [notice] 1#1: start worker process 23
2023/07/24 19:21:55 [notice] 1#1: using the "epoll" event method
2023/07/24 19:21:55 [notice] 1#1: nginx/1.25.1
2023/07/24 19:21:55 [notice] 1#1: built by gcc 12.2.1 20220924 (Alpine 12.2.1_git20220924-r4) 
2023/07/24 19:21:55 [notice] 1#1: OS: Linux 5.19.0-46-generic
2023/07/24 19:21:55 [notice] 1#1: getrlimit(RLIMIT_NOFILE): 1048576:1048576
2023/07/24 19:21:55 [notice] 1#1: start worker processes
2023/07/24 19:21:55 [notice] 1#1: start worker process 20
2023/07/24 19:21:55 [notice] 1#1: start worker process 21
2023/07/24 19:21:55 [notice] 1#1: start worker process 22
2023/07/24 19:21:55 [notice] 1#1: start worker process 23
2023/07/25 08:39:52 [notice] 1#1: using the "epoll" event method
2023/07/25 08:39:52 [notice] 1#1: nginx/1.25.1
2023/07/25 08:39:52 [notice] 1#1: built by gcc 12.2.1 20220924 (Alpine 12.2.1_git20220924-r4) 
2023/07/25 08:39:52 [notice] 1#1: OS: Linux 5.19.0-46-generic
2023/07/25 08:39:52 [notice] 1#1: getrlimit(RLIMIT_NOFILE): 1048576:1048576
2023/07/25 08:39:52 [notice] 1#1: start worker processes
2023/07/25 08:39:52 [notice] 1#1: start worker process 20
2023/07/25 08:39:52 [notice] 1#1: start worker process 21
2023/07/25 08:39:52 [notice] 1#1: start worker process 22
2023/07/25 08:39:52 [notice] 1#1: start worker process 23
2023/07/25 16:10:10 [notice] 1#1: signal 3 (SIGQUIT) received, shutting down
2023/07/25 16:10:10 [notice] 20#20: gracefully shutting down
2023/07/25 16:10:10 [notice] 20#20: exiting
2023/07/25 16:10:10 [notice] 21#21: gracefully shutting down
2023/07/25 16:10:10 [notice] 21#21: exiting
2023/07/25 16:10:10 [notice] 22#22: gracefully shutting down
2023/07/25 16:10:10 [notice] 22#22: exiting
2023/07/25 16:10:10 [notice] 23#23: gracefully shutting down
2023/07/25 16:10:10 [notice] 23#23: exiting
2023/07/25 16:10:10 [notice] 21#21: exit
2023/07/25 16:10:10 [notice] 23#23: exit
2023/07/25 16:10:10 [notice] 20#20: exit
2023/07/25 16:10:10 [notice] 22#22: exit
2023/07/25 16:10:10 [notice] 1#1: signal 17 (SIGCHLD) received from 20
2023/07/25 16:10:10 [notice] 1#1: worker process 20 exited with code 0
2023/07/25 16:10:10 [notice] 1#1: worker process 22 exited with code 0
2023/07/25 16:10:10 [notice] 1#1: signal 29 (SIGIO) received
2023/07/25 16:10:10 [notice] 1#1: signal 17 (SIGCHLD) received from 22
2023/07/25 16:10:10 [notice] 1#1: signal 17 (SIGCHLD) received from 21
2023/07/25 16:10:10 [notice] 1#1: worker process 21 exited with code 0
2023/07/25 16:10:10 [notice] 1#1: worker process 23 exited with code 0
2023/07/25 16:10:10 [notice] 1#1: exit
2023/07/25 16:10:35 [notice] 1#1: using the "epoll" event method
2023/07/25 16:10:35 [notice] 1#1: nginx/1.25.1
2023/07/25 16:10:35 [notice] 1#1: built by gcc 12.2.1 20220924 (Alpine 12.2.1_git20220924-r4) 
2023/07/25 16:10:35 [notice] 1#1: OS: Linux 5.19.0-46-generic
2023/07/25 16:10:35 [notice] 1#1: getrlimit(RLIMIT_NOFILE): 1048576:1048576
2023/07/25 16:10:35 [notice] 1#1: start worker processes
2023/07/25 16:10:35 [notice] 1#1: start worker process 21
2023/07/25 16:10:35 [notice] 1#1: start worker process 22
2023/07/25 16:10:35 [notice] 1#1: start worker process 23
2023/07/25 16:10:35 [notice] 1#1: start worker process 24
2023/07/25 16:10:39 [notice] 1#1: signal 3 (SIGQUIT) received, shutting down
2023/07/25 16:10:39 [notice] 21#21: gracefully shutting down
2023/07/25 16:10:39 [notice] 23#23: gracefully shutting down
2023/07/25 16:10:39 [notice] 22#22: gracefully shutting down
2023/07/25 16:10:39 [notice] 22#22: exiting
2023/07/25 16:10:39 [notice] 23#23: exiting
2023/07/25 16:10:39 [notice] 21#21: exiting
2023/07/25 16:10:39 [notice] 24#24: gracefully shutting down
2023/07/25 16:10:39 [notice] 24#24: exiting
2023/07/25 16:10:39 [notice] 21#21: exit
2023/07/25 16:10:39 [notice] 23#23: exit
2023/07/25 16:10:39 [notice] 22#22: exit
2023/07/25 16:10:39 [notice] 24#24: exit
2023/07/25 16:10:39 [notice] 1#1: signal 17 (SIGCHLD) received from 21
2023/07/25 16:10:39 [notice] 1#1: worker process 21 exited with code 0
2023/07/25 16:10:39 [notice] 1#1: signal 29 (SIGIO) received
2023/07/25 16:10:39 [notice] 1#1: signal 17 (SIGCHLD) received from 22
2023/07/25 16:10:39 [notice] 1#1: worker process 22 exited with code 0
2023/07/25 16:10:39 [notice] 1#1: worker process 24 exited with code 0
2023/07/25 16:10:39 [notice] 1#1: signal 29 (SIGIO) received
2023/07/25 16:10:39 [notice] 1#1: signal 17 (SIGCHLD) received from 24
2023/07/25 16:10:39 [notice] 1#1: signal 17 (SIGCHLD) received from 23
2023/07/25 16:10:39 [notice] 1#1: worker process 23 exited with code 0
2023/07/25 16:10:39 [notice] 1#1: exit
2023/07/25 16:10:44 [notice] 1#1: using the "epoll" event method
2023/07/25 16:10:44 [notice] 1#1: nginx/1.25.1
2023/07/25 16:10:44 [notice] 1#1: built by gcc 12.2.1 20220924 (Alpine 12.2.1_git20220924-r4) 
2023/07/25 16:10:44 [notice] 1#1: OS: Linux 5.19.0-46-generic
2023/07/25 16:10:44 [notice] 1#1: getrlimit(RLIMIT_NOFILE): 1048576:1048576
2023/07/25 16:10:44 [notice] 1#1: start worker processes
2023/07/25 16:10:44 [notice] 1#1: start worker process 20
2023/07/25 16:10:44 [notice] 1#1: start worker process 21
2023/07/25 16:10:44 [notice] 1#1: start worker process 22
2023/07/25 16:10:44 [notice] 1#1: start worker process 23
2023/07/25 16:15:17 [notice] 1#1: signal 3 (SIGQUIT) received, shutting down
2023/07/25 16:15:17 [notice] 20#20: gracefully shutting down
2023/07/25 16:15:17 [notice] 20#20: exiting
2023/07/25 16:15:17 [notice] 23#23: gracefully shutting down
2023/07/25 16:15:17 [notice] 23#23: exiting
2023/07/25 16:15:17 [notice] 21#21: gracefully shutting down
2023/07/25 16:15:17 [notice] 21#21: exiting
2023/07/25 16:15:17 [notice] 20#20: exit
2023/07/25 16:15:17 [notice] 23#23: exit
2023/07/25 16:15:17 [notice] 22#22: gracefully shutting down
2023/07/25 16:15:17 [notice] 22#22: exiting
2023/07/25 16:15:17 [notice] 21#21: exit
2023/07/25 16:15:17 [notice] 22#22: exit
2023/07/25 16:15:17 [notice] 1#1: signal 17 (SIGCHLD) received from 20
2023/07/25 16:15:17 [notice] 1#1: worker process 20 exited with code 0
2023/07/25 16:15:17 [notice] 1#1: signal 29 (SIGIO) received
2023/07/25 16:15:17 [notice] 1#1: signal 17 (SIGCHLD) received from 23
2023/07/25 16:15:17 [notice] 1#1: worker process 23 exited with code 0
2023/07/25 16:15:17 [notice] 1#1: signal 29 (SIGIO) received
2023/07/25 16:15:17 [notice] 1#1: signal 17 (SIGCHLD) received from 22
2023/07/25 16:15:17 [notice] 1#1: worker process 21 exited with code 0
2023/07/25 16:15:17 [notice] 1#1: worker process 22 exited with code 0
2023/07/25 16:15:17 [notice] 1#1: exit
2023/07/25 16:15:36 [notice] 1#1: using the "epoll" event method
2023/07/25 16:15:36 [notice] 1#1: nginx/1.25.1
2023/07/25 16:15:36 [notice] 1#1: built by gcc 12.2.1 20220924 (Alpine 12.2.1_git20220924-r4) 
2023/07/25 16:15:36 [notice] 1#1: OS: Linux 5.19.0-46-generic
2023/07/25 16:15:36 [notice] 1#1: getrlimit(RLIMIT_NOFILE): 1048576:1048576
2023/07/25 16:15:36 [notice] 1#1: start worker processes
2023/07/25 16:15:36 [notice] 1#1: start worker process 19
2023/07/25 16:15:36 [notice] 1#1: start worker process 20
2023/07/25 16:15:36 [notice] 1#1: start worker process 21
2023/07/25 16:15:36 [notice] 1#1: start worker process 22
